<?xml version="1.0" encoding="UTF-8"?>
<!-- Generated by org.testng.reporters.JUnitReportReporter -->
<testsuite skipped="0" hostname="DESKTOP-6340PUF" name="com.nopcommerce.demo.testsuite.TopMenuTest" tests="1" failures="0" timestamp="2023-05-09T10:00:36 BST" time="9.273" errors="0">
  <testcase name="verifyPageNavigation" time="9.273" classname="com.nopcommerce.demo.testsuite.TopMenuTest"/>
  <system-out>
    <![CDATA[Click on Top Menu[[[ChromeDriver: chrome on WINDOWS (c5de4b7e1aeb58306b64122070a756b0)] -> xpath: //ul[@class='top-menu notmobile']/li], [[ChromeDriver: chrome on WINDOWS (c5de4b7e1aeb58306b64122070a756b0)] -> xpath: //ul[@class='top-menu notmobile']/li], [[ChromeDriver: chrome on WINDOWS (c5de4b7e1aeb58306b64122070a756b0)] -> xpath: //ul[@class='top-menu notmobile']/li], [[ChromeDriver: chrome on WINDOWS (c5de4b7e1aeb58306b64122070a756b0)] -> xpath: //ul[@class='top-menu notmobile']/li], [[ChromeDriver: chrome on WINDOWS (c5de4b7e1aeb58306b64122070a756b0)] -> xpath: //ul[@class='top-menu notmobile']/li], [[ChromeDriver: chrome on WINDOWS (c5de4b7e1aeb58306b64122070a756b0)] -> xpath: //ul[@class='top-menu notmobile']/li], [[ChromeDriver: chrome on WINDOWS (c5de4b7e1aeb58306b64122070a756b0)] -> xpath: //ul[@class='top-menu notmobile']/li]]
Get text Computer[[ChromeDriver: chrome on WINDOWS (c5de4b7e1aeb58306b64122070a756b0)] -> xpath: //h1[contains(text(),'Computers')]]]]>
  </system-out>
</testsuite> <!-- com.nopcommerce.demo.testsuite.TopMenuTest -->
